0 info it worked if it ends with ok
1 verbose cli [ '/home/ubuntu/.nvm/v0.10.30/bin/node',
1 verbose cli   '/home/ubuntu/.nvm/v0.10.30/bin/npm',
1 verbose cli   'install',
1 verbose cli   'https://github.com/thebird/Swipe.git' ]
2 info using npm@1.4.21
3 info using node@v0.10.30
4 verbose cache add [ 'https://github.com/thebird/Swipe.git', null ]
5 verbose cache add name=undefined spec="https://github.com/thebird/Swipe.git" args=["https://github.com/thebird/Swipe.git",null]
6 verbose parsed url { protocol: 'https:',
6 verbose parsed url   slashes: true,
6 verbose parsed url   auth: null,
6 verbose parsed url   host: 'github.com',
6 verbose parsed url   port: null,
6 verbose parsed url   hostname: 'github.com',
6 verbose parsed url   hash: null,
6 verbose parsed url   search: null,
6 verbose parsed url   query: null,
6 verbose parsed url   pathname: '/thebird/Swipe.git',
6 verbose parsed url   path: '/thebird/Swipe.git',
6 verbose parsed url   href: 'https://github.com/thebird/Swipe.git' }
7 silly lockFile 94caa131-tps-github-com-thebird-Swipe-git https://github.com/thebird/Swipe.git
8 verbose lock https://github.com/thebird/Swipe.git /home/ubuntu/.npm/94caa131-tps-github-com-thebird-Swipe-git.lock
9 verbose addRemoteTarball [ 'https://github.com/thebird/Swipe.git', null ]
10 info retry fetch attempt 1 at 16:43:54
11 verbose fetch to= /tmp/npm-941-YVIpinnH/github.com/thebird/Swipe.git
12 http GET https://github.com/thebird/Swipe.git
13 http 200 https://github.com/thebird/Swipe.git
14 verbose tar unpack /tmp/npm-941-YVIpinnH/github.com/thebird/Swipe.git
15 silly lockFile 56502a5d-hub-com-thebird-Swipe-git-unpack tar:///tmp/npm-941-YVIpinnH/github.com/thebird/Swipe.git-unpack
16 verbose lock tar:///tmp/npm-941-YVIpinnH/github.com/thebird/Swipe.git-unpack /home/ubuntu/.npm/56502a5d-hub-com-thebird-Swipe-git-unpack.lock
17 silly lockFile 87f83061-nnH-github-com-thebird-Swipe-git tar:///tmp/npm-941-YVIpinnH/github.com/thebird/Swipe.git
18 verbose lock tar:///tmp/npm-941-YVIpinnH/github.com/thebird/Swipe.git /home/ubuntu/.npm/87f83061-nnH-github-com-thebird-Swipe-git.lock
19 silly gunzTarPerm modes [ '755', '644' ]
20 error not a package /tmp/npm-941-YVIpinnH/github.com/thebird/Swipe.git
21 silly lockFile 56502a5d-hub-com-thebird-Swipe-git-unpack tar:///tmp/npm-941-YVIpinnH/github.com/thebird/Swipe.git-unpack
22 silly lockFile 56502a5d-hub-com-thebird-Swipe-git-unpack tar:///tmp/npm-941-YVIpinnH/github.com/thebird/Swipe.git-unpack
23 silly lockFile 87f83061-nnH-github-com-thebird-Swipe-git tar:///tmp/npm-941-YVIpinnH/github.com/thebird/Swipe.git
24 silly lockFile 87f83061-nnH-github-com-thebird-Swipe-git tar:///tmp/npm-941-YVIpinnH/github.com/thebird/Swipe.git
25 silly lockFile 94caa131-tps-github-com-thebird-Swipe-git https://github.com/thebird/Swipe.git
26 silly lockFile 94caa131-tps-github-com-thebird-Swipe-git https://github.com/thebird/Swipe.git
27 error Error: ENOENT, open '/tmp/npm-941-YVIpinnH/github.com/thebird/Swipe.git-unpack/package.json'
28 error If you need help, you may report this *entire* log,
28 error including the npm and node versions, at:
28 error     <http://github.com/npm/npm/issues>
29 error System Linux 3.14.13-c9
30 error command "/home/ubuntu/.nvm/v0.10.30/bin/node" "/home/ubuntu/.nvm/v0.10.30/bin/npm" "install" "https://github.com/thebird/Swipe.git"
31 error cwd /home/ubuntu/workspace
32 error node -v v0.10.30
33 error npm -v 1.4.21
34 error path /tmp/npm-941-YVIpinnH/github.com/thebird/Swipe.git-unpack/package.json
35 error code ENOENT
36 error errno 34
37 verbose exit [ 34, true ]
